[06-Nov-2014 19:48:03 UTC] PHP Parse error:  syntax error, unexpected '$registros' (T_VARIABLE) in /home/ubuntu/workspace/rev2/alumno/form_reg_A.php on line 89
[06-Nov-2014 19:48:09 UTC] PHP Parse error:  syntax error, unexpected '$registros' (T_VARIABLE) in /home/ubuntu/workspace/rev2/alumno/form_reg_A.php on line 89
[06-Nov-2014 19:48:29 UTC] PHP Notice:  Undefined variable: conn in /home/ubuntu/workspace/rev2/alumno/form_reg_A.php on line 102
[06-Nov-2014 19:48:29 UTC] PHP Warning:  mysql_query() expects parameter 2 to be resource, null given in /home/ubuntu/workspace/rev2/alumno/form_reg_A.php on line 102
[06-Nov-2014 19:50:40 UTC] PHP Warning:  mysql_fetch_array() expects parameter 1 to be resource, object given in /home/ubuntu/workspace/rev2/alumno/form_reg_A.php on line 109
[06-Nov-2014 19:50:40 UTC] PHP Notice:  Undefined variable: conn in /home/ubuntu/workspace/rev2/alumno/form_reg_A.php on line 222
[06-Nov-2014 19:50:40 UTC] PHP Warning:  mysql_query() expects parameter 2 to be resource, null given in /home/ubuntu/workspace/rev2/alumno/form_reg_A.php on line 222
[06-Nov-2014 19:52:13 UTC] PHP Warning:  mysql_fetch_array() expects parameter 1 to be resource, object given in /home/ubuntu/workspace/rev2/alumno/form_reg_A.php on line 110
[06-Nov-2014 19:52:13 UTC] PHP Notice:  Undefined variable: conn in /home/ubuntu/workspace/rev2/alumno/form_reg_A.php on line 223
[06-Nov-2014 19:52:13 UTC] PHP Warning:  mysqli_query() expects parameter 1 to be mysqli, string given in /home/ubuntu/workspace/rev2/alumno/form_reg_A.php on line 223
[06-Nov-2014 19:52:16 UTC] PHP Warning:  mysql_fetch_array() expects parameter 1 to be resource, object given in /home/ubuntu/workspace/rev2/alumno/form_reg_A.php on line 110
[06-Nov-2014 19:52:16 UTC] PHP Notice:  Undefined variable: conn in /home/ubuntu/workspace/rev2/alumno/form_reg_A.php on line 223
[06-Nov-2014 19:52:16 UTC] PHP Warning:  mysqli_query() expects parameter 1 to be mysqli, string given in /home/ubuntu/workspace/rev2/alumno/form_reg_A.php on line 223
[06-Nov-2014 19:54:00 UTC] PHP Notice:  Undefined variable: conn in /home/ubuntu/workspace/rev2/alumno/form_reg_A.php on line 219
[06-Nov-2014 19:54:00 UTC] PHP Warning:  mysqli_query() expects parameter 1 to be mysqli, string given in /home/ubuntu/workspace/rev2/alumno/form_reg_A.php on line 219
[06-Nov-2014 19:55:02 UTC] PHP Notice:  Undefined variable: conn in /home/ubuntu/workspace/rev2/alumno/form_reg_A.php on line 219
[06-Nov-2014 19:55:02 UTC] PHP Warning:  mysqli_query() expects parameter 1 to be mysqli, string given in /home/ubuntu/workspace/rev2/alumno/form_reg_A.php on line 219
[06-Nov-2014 19:56:31 UTC] PHP Notice:  Undefined variable: conn in /home/ubuntu/workspace/rev2/alumno/form_reg_A.php on line 219
[06-Nov-2014 19:56:31 UTC] PHP Warning:  mysqli_query() expects parameter 1 to be mysqli, string given in /home/ubuntu/workspace/rev2/alumno/form_reg_A.php on line 219
[06-Nov-2014 20:29:26 UTC] PHP Warning:  include(../conexion/conex.php): failed to open stream: No such file or directory in /home/ubuntu/workspace/rev2/java/edo.php on line 20
[06-Nov-2014 20:29:26 UTC] PHP Warning:  include(): Failed opening '../conexion/conex.php' for inclusion (include_path='.:/usr/share/php:/usr/share/pear') in /home/ubuntu/workspace/rev2/java/edo.php on line 20
[06-Nov-2014 20:29:26 UTC] PHP Warning:  mysql_query(): Can't connect to local MySQL server through socket '/var/run/mysqld/mysqld.sock' (2) in /home/ubuntu/workspace/rev2/java/edo.php on line 21
[06-Nov-2014 20:29:26 UTC] PHP Warning:  mysql_query(): A link to the server could not be established in /home/ubuntu/workspace/rev2/java/edo.php on line 21
[06-Nov-2014 20:29:26 UTC] PHP Warning:  mysql_fetch_array() expects parameter 1 to be resource, boolean given in /home/ubuntu/workspace/rev2/java/edo.php on line 23
[06-Nov-2014 21:08:31 UTC] PHP Warning:  include(../conexion/conex.php): failed to open stream: No such file or directory in /home/ubuntu/workspace/rev2/java/edo.php on line 20
[06-Nov-2014 21:08:31 UTC] PHP Warning:  include(): Failed opening '../conexion/conex.php' for inclusion (include_path='.:/usr/share/php:/usr/share/pear') in /home/ubuntu/workspace/rev2/java/edo.php on line 20
[06-Nov-2014 21:08:31 UTC] PHP Warning:  mysql_query(): Can't connect to local MySQL server through socket '/var/run/mysqld/mysqld.sock' (2) in /home/ubuntu/workspace/rev2/java/edo.php on line 21
[06-Nov-2014 21:08:31 UTC] PHP Warning:  mysql_query(): A link to the server could not be established in /home/ubuntu/workspace/rev2/java/edo.php on line 21
[06-Nov-2014 21:08:31 UTC] PHP Warning:  mysql_fetch_array() expects parameter 1 to be resource, boolean given in /home/ubuntu/workspace/rev2/java/edo.php on line 23
[06-Nov-2014 21:10:13 UTC] PHP Warning:  include(../conexion/conex.php): failed to open stream: No such file or directory in /home/ubuntu/workspace/rev2/java/edo.php on line 20
[06-Nov-2014 21:10:13 UTC] PHP Warning:  include(): Failed opening '../conexion/conex.php' for inclusion (include_path='.:/usr/share/php:/usr/share/pear') in /home/ubuntu/workspace/rev2/java/edo.php on line 20
[06-Nov-2014 21:10:13 UTC] PHP Warning:  mysql_query(): Can't connect to local MySQL server through socket '/var/run/mysqld/mysqld.sock' (2) in /home/ubuntu/workspace/rev2/java/edo.php on line 21
[06-Nov-2014 21:10:13 UTC] PHP Warning:  mysql_query(): A link to the server could not be established in /home/ubuntu/workspace/rev2/java/edo.php on line 21
[06-Nov-2014 21:10:13 UTC] PHP Warning:  mysql_fetch_array() expects parameter 1 to be resource, boolean given in /home/ubuntu/workspace/rev2/java/edo.php on line 23
[06-Nov-2014 21:10:57 UTC] PHP Warning:  include(../conexion/conex.php): failed to open stream: No such file or directory in /home/ubuntu/workspace/rev2/java/edo.php on line 20
[06-Nov-2014 21:10:57 UTC] PHP Warning:  include(): Failed opening '../conexion/conex.php' for inclusion (include_path='.:/usr/share/php:/usr/share/pear') in /home/ubuntu/workspace/rev2/java/edo.php on line 20
[06-Nov-2014 21:10:57 UTC] PHP Warning:  mysql_query(): Can't connect to local MySQL server through socket '/var/run/mysqld/mysqld.sock' (2) in /home/ubuntu/workspace/rev2/java/edo.php on line 21
[06-Nov-2014 21:10:57 UTC] PHP Warning:  mysql_query(): A link to the server could not be established in /home/ubuntu/workspace/rev2/java/edo.php on line 21
[06-Nov-2014 21:10:57 UTC] PHP Warning:  mysql_fetch_array() expects parameter 1 to be resource, boolean given in /home/ubuntu/workspace/rev2/java/edo.php on line 23
[06-Nov-2014 21:11:39 UTC] PHP Warning:  include(../conexion/conex.php): failed to open stream: No such file or directory in /home/ubuntu/workspace/rev2/java/edo.php on line 20
[06-Nov-2014 21:11:39 UTC] PHP Warning:  include(): Failed opening '../conexion/conex.php' for inclusion (include_path='.:/usr/share/php:/usr/share/pear') in /home/ubuntu/workspace/rev2/java/edo.php on line 20
[06-Nov-2014 21:11:39 UTC] PHP Warning:  mysql_query(): Can't connect to local MySQL server through socket '/var/run/mysqld/mysqld.sock' (2) in /home/ubuntu/workspace/rev2/java/edo.php on line 21
[06-Nov-2014 21:11:39 UTC] PHP Warning:  mysql_query(): A link to the server could not be established in /home/ubuntu/workspace/rev2/java/edo.php on line 21
[06-Nov-2014 21:11:39 UTC] PHP Warning:  mysql_fetch_array() expects parameter 1 to be resource, boolean given in /home/ubuntu/workspace/rev2/java/edo.php on line 23
[06-Nov-2014 21:12:32 UTC] PHP Warning:  include(../conexion/conex.php): failed to open stream: No such file or directory in /home/ubuntu/workspace/rev2/java/edo.php on line 20
[06-Nov-2014 21:12:32 UTC] PHP Warning:  include(): Failed opening '../conexion/conex.php' for inclusion (include_path='.:/usr/share/php:/usr/share/pear') in /home/ubuntu/workspace/rev2/java/edo.php on line 20
[06-Nov-2014 21:12:32 UTC] PHP Warning:  mysql_query(): Can't connect to local MySQL server through socket '/var/run/mysqld/mysqld.sock' (2) in /home/ubuntu/workspace/rev2/java/edo.php on line 21
[06-Nov-2014 21:12:32 UTC] PHP Warning:  mysql_query(): A link to the server could not be established in /home/ubuntu/workspace/rev2/java/edo.php on line 21
[06-Nov-2014 21:12:32 UTC] PHP Warning:  mysql_fetch_array() expects parameter 1 to be resource, boolean given in /home/ubuntu/workspace/rev2/java/edo.php on line 23
[06-Nov-2014 21:15:47 UTC] PHP Warning:  include(../conexion/conex.php): failed to open stream: No such file or directory in /home/ubuntu/workspace/rev2/java/edo.php on line 20
[06-Nov-2014 21:15:47 UTC] PHP Warning:  include(): Failed opening '../conexion/conex.php' for inclusion (include_path='.:/usr/share/php:/usr/share/pear') in /home/ubuntu/workspace/rev2/java/edo.php on line 20
[06-Nov-2014 21:15:47 UTC] PHP Warning:  mysql_query(): Can't connect to local MySQL server through socket '/var/run/mysqld/mysqld.sock' (2) in /home/ubuntu/workspace/rev2/java/edo.php on line 21
[06-Nov-2014 21:15:47 UTC] PHP Warning:  mysql_query(): A link to the server could not be established in /home/ubuntu/workspace/rev2/java/edo.php on line 21
[06-Nov-2014 21:15:47 UTC] PHP Warning:  mysql_fetch_array() expects parameter 1 to be resource, boolean given in /home/ubuntu/workspace/rev2/java/edo.php on line 23
[06-Nov-2014 21:15:57 UTC] PHP Warning:  include(../conexion/conex.php): failed to open stream: No such file or directory in /home/ubuntu/workspace/rev2/java/edo.php on line 20
[06-Nov-2014 21:15:57 UTC] PHP Warning:  include(): Failed opening '../conexion/conex.php' for inclusion (include_path='.:/usr/share/php:/usr/share/pear') in /home/ubuntu/workspace/rev2/java/edo.php on line 20
[06-Nov-2014 21:15:57 UTC] PHP Warning:  mysql_query(): Can't connect to local MySQL server through socket '/var/run/mysqld/mysqld.sock' (2) in /home/ubuntu/workspace/rev2/java/edo.php on line 21
[06-Nov-2014 21:15:57 UTC] PHP Warning:  mysql_query(): A link to the server could not be established in /home/ubuntu/workspace/rev2/java/edo.php on line 21
[06-Nov-2014 21:15:57 UTC] PHP Warning:  mysql_fetch_array() expects parameter 1 to be resource, boolean given in /home/ubuntu/workspace/rev2/java/edo.php on line 23
[06-Nov-2014 21:18:40 UTC] PHP Warning:  include(../conexion/conex.php): failed to open stream: No such file or directory in /home/ubuntu/workspace/rev2/java/edo.php on line 20
[06-Nov-2014 21:18:40 UTC] PHP Warning:  include(): Failed opening '../conexion/conex.php' for inclusion (include_path='.:/usr/share/php:/usr/share/pear') in /home/ubuntu/workspace/rev2/java/edo.php on line 20
[06-Nov-2014 21:18:40 UTC] PHP Warning:  mysql_query(): Can't connect to local MySQL server through socket '/var/run/mysqld/mysqld.sock' (2) in /home/ubuntu/workspace/rev2/java/edo.php on line 21
[06-Nov-2014 21:18:40 UTC] PHP Warning:  mysql_query(): A link to the server could not be established in /home/ubuntu/workspace/rev2/java/edo.php on line 21
[06-Nov-2014 21:18:40 UTC] PHP Warning:  mysql_fetch_array() expects parameter 1 to be resource, boolean given in /home/ubuntu/workspace/rev2/java/edo.php on line 23
[06-Nov-2014 21:18:53 UTC] PHP Warning:  include(../conexion/conex.php): failed to open stream: No such file or directory in /home/ubuntu/workspace/rev2/java/edo.php on line 20
[06-Nov-2014 21:18:53 UTC] PHP Warning:  include(): Failed opening '../conexion/conex.php' for inclusion (include_path='.:/usr/share/php:/usr/share/pear') in /home/ubuntu/workspace/rev2/java/edo.php on line 20
[06-Nov-2014 21:18:53 UTC] PHP Warning:  mysql_query(): Can't connect to local MySQL server through socket '/var/run/mysqld/mysqld.sock' (2) in /home/ubuntu/workspace/rev2/java/edo.php on line 21
[06-Nov-2014 21:18:53 UTC] PHP Warning:  mysql_query(): A link to the server could not be established in /home/ubuntu/workspace/rev2/java/edo.php on line 21
[06-Nov-2014 21:18:53 UTC] PHP Warning:  mysql_fetch_array() expects parameter 1 to be resource, boolean given in /home/ubuntu/workspace/rev2/java/edo.php on line 23
[06-Nov-2014 21:19:52 UTC] PHP Warning:  include(../conexion/conex.php): failed to open stream: No such file or directory in /home/ubuntu/workspace/rev2/java/edo.php on line 20
[06-Nov-2014 21:19:52 UTC] PHP Warning:  include(): Failed opening '../conexion/conex.php' for inclusion (include_path='.:/usr/share/php:/usr/share/pear') in /home/ubuntu/workspace/rev2/java/edo.php on line 20
[06-Nov-2014 21:19:52 UTC] PHP Warning:  mysql_query(): Can't connect to local MySQL server through socket '/var/run/mysqld/mysqld.sock' (2) in /home/ubuntu/workspace/rev2/java/edo.php on line 21
[06-Nov-2014 21:19:52 UTC] PHP Warning:  mysql_query(): A link to the server could not be established in /home/ubuntu/workspace/rev2/java/edo.php on line 21
[06-Nov-2014 21:19:52 UTC] PHP Warning:  mysql_fetch_array() expects parameter 1 to be resource, boolean given in /home/ubuntu/workspace/rev2/java/edo.php on line 23
[06-Nov-2014 21:20:15 UTC] PHP Warning:  include(../conexion/conex.php): failed to open stream: No such file or directory in /home/ubuntu/workspace/rev2/java/edo.php on line 20
[06-Nov-2014 21:20:15 UTC] PHP Warning:  include(): Failed opening '../conexion/conex.php' for inclusion (include_path='.:/usr/share/php:/usr/share/pear') in /home/ubuntu/workspace/rev2/java/edo.php on line 20
[06-Nov-2014 21:20:15 UTC] PHP Warning:  mysql_query(): Can't connect to local MySQL server through socket '/var/run/mysqld/mysqld.sock' (2) in /home/ubuntu/workspace/rev2/java/edo.php on line 21
[06-Nov-2014 21:20:15 UTC] PHP Warning:  mysql_query(): A link to the server could not be established in /home/ubuntu/workspace/rev2/java/edo.php on line 21
[06-Nov-2014 21:20:15 UTC] PHP Warning:  mysql_fetch_array() expects parameter 1 to be resource, boolean given in /home/ubuntu/workspace/rev2/java/edo.php on line 23
[06-Nov-2014 21:22:22 UTC] PHP Warning:  include(../conexion/conex.php): failed to open stream: No such file or directory in /home/ubuntu/workspace/rev2/java/edo.php on line 20
[06-Nov-2014 21:22:22 UTC] PHP Warning:  include(): Failed opening '../conexion/conex.php' for inclusion (include_path='.:/usr/share/php:/usr/share/pear') in /home/ubuntu/workspace/rev2/java/edo.php on line 20
[06-Nov-2014 21:22:22 UTC] PHP Warning:  mysql_query(): Can't connect to local MySQL server through socket '/var/run/mysqld/mysqld.sock' (2) in /home/ubuntu/workspace/rev2/java/edo.php on line 21
[06-Nov-2014 21:22:22 UTC] PHP Warning:  mysql_query(): A link to the server could not be established in /home/ubuntu/workspace/rev2/java/edo.php on line 21
[06-Nov-2014 21:22:22 UTC] PHP Warning:  mysql_fetch_array() expects parameter 1 to be resource, boolean given in /home/ubuntu/workspace/rev2/java/edo.php on line 23
[06-Nov-2014 21:23:45 UTC] PHP Warning:  include(../conexion/conex.php): failed to open stream: No such file or directory in /home/ubuntu/workspace/rev2/java/edo.php on line 20
[06-Nov-2014 21:23:45 UTC] PHP Warning:  include(): Failed opening '../conexion/conex.php' for inclusion (include_path='.:/usr/share/php:/usr/share/pear') in /home/ubuntu/workspace/rev2/java/edo.php on line 20
[06-Nov-2014 21:23:45 UTC] PHP Warning:  mysql_query(): Can't connect to local MySQL server through socket '/var/run/mysqld/mysqld.sock' (2) in /home/ubuntu/workspace/rev2/java/edo.php on line 21
[06-Nov-2014 21:23:45 UTC] PHP Warning:  mysql_query(): A link to the server could not be established in /home/ubuntu/workspace/rev2/java/edo.php on line 21
[06-Nov-2014 21:23:45 UTC] PHP Warning:  mysql_fetch_array() expects parameter 1 to be resource, boolean given in /home/ubuntu/workspace/rev2/java/edo.php on line 23
[06-Nov-2014 21:25:40 UTC] PHP Warning:  include(../conexion/conex.php): failed to open stream: No such file or directory in /home/ubuntu/workspace/rev2/java/edo.php on line 20
[06-Nov-2014 21:25:40 UTC] PHP Warning:  include(): Failed opening '../conexion/conex.php' for inclusion (include_path='.:/usr/share/php:/usr/share/pear') in /home/ubuntu/workspace/rev2/java/edo.php on line 20
[06-Nov-2014 21:25:40 UTC] PHP Warning:  mysql_query(): Can't connect to local MySQL server through socket '/var/run/mysqld/mysqld.sock' (2) in /home/ubuntu/workspace/rev2/java/edo.php on line 21
[06-Nov-2014 21:25:40 UTC] PHP Warning:  mysql_query(): A link to the server could not be established in /home/ubuntu/workspace/rev2/java/edo.php on line 21
[06-Nov-2014 21:25:40 UTC] PHP Warning:  mysql_fetch_array() expects parameter 1 to be resource, boolean given in /home/ubuntu/workspace/rev2/java/edo.php on line 23
[06-Nov-2014 21:26:39 UTC] PHP Warning:  include(../conexion/conex.php): failed to open stream: No such file or directory in /home/ubuntu/workspace/rev2/java/edo.php on line 20
[06-Nov-2014 21:26:39 UTC] PHP Warning:  include(): Failed opening '../conexion/conex.php' for inclusion (include_path='.:/usr/share/php:/usr/share/pear') in /home/ubuntu/workspace/rev2/java/edo.php on line 20
[06-Nov-2014 21:26:39 UTC] PHP Warning:  mysql_query(): Can't connect to local MySQL server through socket '/var/run/mysqld/mysqld.sock' (2) in /home/ubuntu/workspace/rev2/java/edo.php on line 21
[06-Nov-2014 21:26:39 UTC] PHP Warning:  mysql_query(): A link to the server could not be established in /home/ubuntu/workspace/rev2/java/edo.php on line 21
[06-Nov-2014 21:26:39 UTC] PHP Warning:  mysql_fetch_array() expects parameter 1 to be resource, boolean given in /home/ubuntu/workspace/rev2/java/edo.php on line 23
[06-Nov-2014 21:29:58 UTC] PHP Warning:  include(../conexion/conex.php): failed to open stream: No such file or directory in /home/ubuntu/workspace/rev2/java/edo.php on line 20
[06-Nov-2014 21:29:58 UTC] PHP Warning:  include(): Failed opening '../conexion/conex.php' for inclusion (include_path='.:/usr/share/php:/usr/share/pear') in /home/ubuntu/workspace/rev2/java/edo.php on line 20
[06-Nov-2014 21:29:58 UTC] PHP Warning:  mysql_query(): Can't connect to local MySQL server through socket '/var/run/mysqld/mysqld.sock' (2) in /home/ubuntu/workspace/rev2/java/edo.php on line 21
[06-Nov-2014 21:29:58 UTC] PHP Warning:  mysql_query(): A link to the server could not be established in /home/ubuntu/workspace/rev2/java/edo.php on line 21
[06-Nov-2014 21:29:58 UTC] PHP Warning:  mysql_fetch_array() expects parameter 1 to be resource, boolean given in /home/ubuntu/workspace/rev2/java/edo.php on line 23
[06-Nov-2014 21:34:35 UTC] PHP Warning:  include(../conexion/conex.php): failed to open stream: No such file or directory in /home/ubuntu/workspace/rev2/java/edo.php on line 20
[06-Nov-2014 21:34:35 UTC] PHP Warning:  include(): Failed opening '../conexion/conex.php' for inclusion (include_path='.:/usr/share/php:/usr/share/pear') in /home/ubuntu/workspace/rev2/java/edo.php on line 20
[06-Nov-2014 21:34:35 UTC] PHP Warning:  mysql_query(): Can't connect to local MySQL server through socket '/var/run/mysqld/mysqld.sock' (2) in /home/ubuntu/workspace/rev2/java/edo.php on line 21
[06-Nov-2014 21:34:35 UTC] PHP Warning:  mysql_query(): A link to the server could not be established in /home/ubuntu/workspace/rev2/java/edo.php on line 21
[06-Nov-2014 21:34:35 UTC] PHP Warning:  mysql_fetch_array() expects parameter 1 to be resource, boolean given in /home/ubuntu/workspace/rev2/java/edo.php on line 23
[06-Nov-2014 21:34:39 UTC] PHP Warning:  include(../conexion/conex.php): failed to open stream: No such file or directory in /home/ubuntu/workspace/rev2/java/edo.php on line 20
[06-Nov-2014 21:34:39 UTC] PHP Warning:  include(): Failed opening '../conexion/conex.php' for inclusion (include_path='.:/usr/share/php:/usr/share/pear') in /home/ubuntu/workspace/rev2/java/edo.php on line 20
[06-Nov-2014 21:34:39 UTC] PHP Warning:  mysql_query(): Can't connect to local MySQL server through socket '/var/run/mysqld/mysqld.sock' (2) in /home/ubuntu/workspace/rev2/java/edo.php on line 21
[06-Nov-2014 21:34:39 UTC] PHP Warning:  mysql_query(): A link to the server could not be established in /home/ubuntu/workspace/rev2/java/edo.php on line 21
[06-Nov-2014 21:34:39 UTC] PHP Warning:  mysql_fetch_array() expects parameter 1 to be resource, boolean given in /home/ubuntu/workspace/rev2/java/edo.php on line 23
[06-Nov-2014 21:34:45 UTC] PHP Warning:  include(../conexion/conex.php): failed to open stream: No such file or directory in /home/ubuntu/workspace/rev2/java/edo.php on line 20
[06-Nov-2014 21:34:45 UTC] PHP Warning:  include(): Failed opening '../conexion/conex.php' for inclusion (include_path='.:/usr/share/php:/usr/share/pear') in /home/ubuntu/workspace/rev2/java/edo.php on line 20
[06-Nov-2014 21:34:45 UTC] PHP Warning:  mysql_query(): Can't connect to local MySQL server through socket '/var/run/mysqld/mysqld.sock' (2) in /home/ubuntu/workspace/rev2/java/edo.php on line 21
[06-Nov-2014 21:34:45 UTC] PHP Warning:  mysql_query(): A link to the server could not be established in /home/ubuntu/workspace/rev2/java/edo.php on line 21
[06-Nov-2014 21:34:45 UTC] PHP Warning:  mysql_fetch_array() expects parameter 1 to be resource, boolean given in /home/ubuntu/workspace/rev2/java/edo.php on line 23
[06-Nov-2014 21:34:51 UTC] PHP Warning:  mysql_query(): Can't connect to local MySQL server through socket '/var/run/mysqld/mysqld.sock' (2) in /home/ubuntu/workspace/rev2/java/edo.php on line 23
[06-Nov-2014 21:34:51 UTC] PHP Warning:  mysql_query(): A link to the server could not be established in /home/ubuntu/workspace/rev2/java/edo.php on line 23
[06-Nov-2014 21:34:51 UTC] PHP Warning:  mysql_fetch_array() expects parameter 1 to be resource, boolean given in /home/ubuntu/workspace/rev2/java/edo.php on line 27
[06-Nov-2014 21:35:48 UTC] PHP Warning:  mysql_query(): Can't connect to local MySQL server through socket '/var/run/mysqld/mysqld.sock' (2) in /home/ubuntu/workspace/rev2/java/edo.php on line 23
[06-Nov-2014 21:35:48 UTC] PHP Warning:  mysql_query(): A link to the server could not be established in /home/ubuntu/workspace/rev2/java/edo.php on line 23
[06-Nov-2014 21:35:48 UTC] PHP Warning:  mysql_fetch_array() expects parameter 1 to be resource, boolean given in /home/ubuntu/workspace/rev2/java/edo.php on line 27
[06-Nov-2014 21:35:53 UTC] PHP Warning:  mysql_query(): Can't connect to local MySQL server through socket '/var/run/mysqld/mysqld.sock' (2) in /home/ubuntu/workspace/rev2/java/edo.php on line 23
[06-Nov-2014 21:35:53 UTC] PHP Warning:  mysql_query(): A link to the server could not be established in /home/ubuntu/workspace/rev2/java/edo.php on line 23
[06-Nov-2014 21:35:53 UTC] PHP Warning:  mysql_fetch_array() expects parameter 1 to be resource, boolean given in /home/ubuntu/workspace/rev2/java/edo.php on line 27
[06-Nov-2014 21:38:08 UTC] PHP Warning:  mysql_query(): Can't connect to local MySQL server through socket '/var/run/mysqld/mysqld.sock' (2) in /home/ubuntu/workspace/rev2/java/edo.php on line 23
[06-Nov-2014 21:38:08 UTC] PHP Warning:  mysql_query(): A link to the server could not be established in /home/ubuntu/workspace/rev2/java/edo.php on line 23
[06-Nov-2014 21:38:08 UTC] PHP Warning:  mysql_fetch_array() expects parameter 1 to be resource, boolean given in /home/ubuntu/workspace/rev2/java/edo.php on line 27
[06-Nov-2014 21:39:01 UTC] PHP Warning:  mysql_query(): Can't connect to local MySQL server through socket '/var/run/mysqld/mysqld.sock' (2) in /home/ubuntu/workspace/rev2/java/edo.php on line 23
[06-Nov-2014 21:39:01 UTC] PHP Warning:  mysql_query(): A link to the server could not be established in /home/ubuntu/workspace/rev2/java/edo.php on line 23
[06-Nov-2014 21:39:01 UTC] PHP Warning:  mysql_fetch_array() expects parameter 1 to be resource, boolean given in /home/ubuntu/workspace/rev2/java/edo.php on line 27
[06-Nov-2014 21:39:29 UTC] PHP Warning:  mysql_query(): Can't connect to local MySQL server through socket '/var/run/mysqld/mysqld.sock' (2) in /home/ubuntu/workspace/rev2/java/edo.php on line 23
[06-Nov-2014 21:39:29 UTC] PHP Warning:  mysql_query(): A link to the server could not be established in /home/ubuntu/workspace/rev2/java/edo.php on line 23
[06-Nov-2014 21:39:29 UTC] PHP Warning:  mysql_fetch_array() expects parameter 1 to be resource, boolean given in /home/ubuntu/workspace/rev2/java/edo.php on line 27
[06-Nov-2014 21:49:20 UTC] PHP Warning:  mysql_fetch_array() expects parameter 1 to be resource, object given in /home/ubuntu/workspace/rev2/java/parro.php on line 28
[06-Nov-2014 21:50:27 UTC] PHP Warning:  mysql_fetch_array() expects parameter 1 to be resource, object given in /home/ubuntu/workspace/rev2/java/parro.php on line 27
[06-Nov-2014 21:52:36 UTC] PHP Warning:  mysql_fetch_array() expects parameter 1 to be resource, object given in /home/ubuntu/workspace/rev2/java/parro.php on line 27
[06-Nov-2014 22:28:37 UTC] PHP Notice:  Undefined index: cedula in /home/ubuntu/workspace/rev2/alumno/consultar_A.php on line 14
[06-Nov-2014 22:29:39 UTC] PHP Notice:  Undefined variable: conn in /home/ubuntu/workspace/rev2/alumno/consultar_A.php on line 166
[06-Nov-2014 22:29:39 UTC] PHP Warning:  mysql_close() expects parameter 1 to be resource, null given in /home/ubuntu/workspace/rev2/alumno/consultar_A.php on line 166
[06-Nov-2014 23:03:07 UTC] PHP Warning:  include(../conexion/conex.php): failed to open stream: No such file or directory in /home/ubuntu/workspace/rev2/alumno/actualizar1.php on line 3
[06-Nov-2014 23:03:07 UTC] PHP Warning:  include(): Failed opening '../conexion/conex.php' for inclusion (include_path='.:/usr/share/php:/usr/share/pear') in /home/ubuntu/workspace/rev2/alumno/actualizar1.php on line 3
[06-Nov-2014 23:03:07 UTC] PHP Notice:  Undefined index: cedula_escolar in /home/ubuntu/workspace/rev2/alumno/actualizar1.php on line 9
[06-Nov-2014 23:03:07 UTC] PHP Notice:  Undefined index: nacionalidad in /home/ubuntu/workspace/rev2/alumno/actualizar1.php on line 10
[06-Nov-2014 23:03:07 UTC] PHP Notice:  Undefined index: p_nombre in /home/ubuntu/workspace/rev2/alumno/actualizar1.php on line 11
[06-Nov-2014 23:03:07 UTC] PHP Notice:  Undefined index: s_nombre in /home/ubuntu/workspace/rev2/alumno/actualizar1.php on line 12
[06-Nov-2014 23:03:07 UTC] PHP Notice:  Undefined index: p_apellido in /home/ubuntu/workspace/rev2/alumno/actualizar1.php on line 13
[06-Nov-2014 23:03:07 UTC] PHP Notice:  Undefined index: s_apellido in /home/ubuntu/workspace/rev2/alumno/actualizar1.php on line 14
[06-Nov-2014 23:03:07 UTC] PHP Notice:  Undefined index: telefono in /home/ubuntu/workspace/rev2/alumno/actualizar1.php on line 15
[06-Nov-2014 23:03:07 UTC] PHP Notice:  Undefined index: telefono_otro in /home/ubuntu/workspace/rev2/alumno/actualizar1.php on line 16
[06-Nov-2014 23:03:07 UTC] PHP Notice:  Undefined index: sexo in /home/ubuntu/workspace/rev2/alumno/actualizar1.php on line 17
[06-Nov-2014 23:03:07 UTC] PHP Notice:  Undefined index: lugar_nac in /home/ubuntu/workspace/rev2/alumno/actualizar1.php on line 18
[06-Nov-2014 23:03:07 UTC] PHP Notice:  Undefined index: fec_nac in /home/ubuntu/workspace/rev2/alumno/actualizar1.php on line 19
[06-Nov-2014 23:03:07 UTC] PHP Notice:  Undefined index: cod_parro in /home/ubuntu/workspace/rev2/alumno/actualizar1.php on line 20
[06-Nov-2014 23:03:07 UTC] PHP Notice:  Undefined index: acta_num_part_nac in /home/ubuntu/workspace/rev2/alumno/actualizar1.php on line 21
[06-Nov-2014 23:03:07 UTC] PHP Notice:  Undefined index: acta_folio_num_part_nac in /home/ubuntu/workspace/rev2/alumno/actualizar1.php on line 22
[06-Nov-2014 23:03:07 UTC] PHP Notice:  Undefined index: plantel_procedencia in /home/ubuntu/workspace/rev2/alumno/actualizar1.php on line 23
[06-Nov-2014 23:03:07 UTC] PHP Notice:  Undefined index: repitiente in /home/ubuntu/workspace/rev2/alumno/actualizar1.php on line 24
[06-Nov-2014 23:03:07 UTC] PHP Notice:  Undefined index: altura in /home/ubuntu/workspace/rev2/alumno/actualizar1.php on line 25
[06-Nov-2014 23:03:07 UTC] PHP Notice:  Undefined index: peso in /home/ubuntu/workspace/rev2/alumno/actualizar1.php on line 26
[06-Nov-2014 23:03:07 UTC] PHP Notice:  Undefined index: camisa in /home/ubuntu/workspace/rev2/alumno/actualizar1.php on line 27
[06-Nov-2014 23:03:07 UTC] PHP Notice:  Undefined index: pantalon in /home/ubuntu/workspace/rev2/alumno/actualizar1.php on line 28
[06-Nov-2014 23:03:07 UTC] PHP Notice:  Undefined index: zapato in /home/ubuntu/workspace/rev2/alumno/actualizar1.php on line 29
[06-Nov-2014 23:03:07 UTC] PHP Notice:  Undefined variable: conn in /home/ubuntu/workspace/rev2/alumno/actualizar1.php on line 44
[06-Nov-2014 23:03:07 UTC] PHP Warning:  mysql_close() expects parameter 1 to be resource, null given in /home/ubuntu/workspace/rev2/alumno/actualizar1.php on line 44
[06-Nov-2014 23:03:19 UTC] PHP Warning:  include(../conexion/conex.php): failed to open stream: No such file or directory in /home/ubuntu/workspace/rev2/alumno/actualizar1.php on line 3
[06-Nov-2014 23:03:19 UTC] PHP Warning:  include(): Failed opening '../conexion/conex.php' for inclusion (include_path='.:/usr/share/php:/usr/share/pear') in /home/ubuntu/workspace/rev2/alumno/actualizar1.php on line 3
[06-Nov-2014 23:03:19 UTC] PHP Notice:  Undefined index: cedula_escolar in /home/ubuntu/workspace/rev2/alumno/actualizar1.php on line 9
[06-Nov-2014 23:03:19 UTC] PHP Notice:  Undefined index: nacionalidad in /home/ubuntu/workspace/rev2/alumno/actualizar1.php on line 10
[06-Nov-2014 23:03:19 UTC] PHP Notice:  Undefined index: p_nombre in /home/ubuntu/workspace/rev2/alumno/actualizar1.php on line 11
[06-Nov-2014 23:03:19 UTC] PHP Notice:  Undefined index: s_nombre in /home/ubuntu/workspace/rev2/alumno/actualizar1.php on line 12
[06-Nov-2014 23:03:19 UTC] PHP Notice:  Undefined index: p_apellido in /home/ubuntu/workspace/rev2/alumno/actualizar1.php on line 13
[06-Nov-2014 23:03:19 UTC] PHP Notice:  Undefined index: s_apellido in /home/ubuntu/workspace/rev2/alumno/actualizar1.php on line 14
[06-Nov-2014 23:03:19 UTC] PHP Notice:  Undefined index: telefono in /home/ubuntu/workspace/rev2/alumno/actualizar1.php on line 15
[06-Nov-2014 23:03:19 UTC] PHP Notice:  Undefined index: telefono_otro in /home/ubuntu/workspace/rev2/alumno/actualizar1.php on line 16
[06-Nov-2014 23:03:19 UTC] PHP Notice:  Undefined index: sexo in /home/ubuntu/workspace/rev2/alumno/actualizar1.php on line 17
[06-Nov-2014 23:03:19 UTC] PHP Notice:  Undefined index: lugar_nac in /home/ubuntu/workspace/rev2/alumno/actualizar1.php on line 18
[06-Nov-2014 23:03:19 UTC] PHP Notice:  Undefined index: fec_nac in /home/ubuntu/workspace/rev2/alumno/actualizar1.php on line 19
[06-Nov-2014 23:03:19 UTC] PHP Notice:  Undefined index: cod_parro in /home/ubuntu/workspace/rev2/alumno/actualizar1.php on line 20
[06-Nov-2014 23:03:19 UTC] PHP Notice:  Undefined index: acta_num_part_nac in /home/ubuntu/workspace/rev2/alumno/actualizar1.php on line 21
[06-Nov-2014 23:03:19 UTC] PHP Notice:  Undefined index: acta_folio_num_part_nac in /home/ubuntu/workspace/rev2/alumno/actualizar1.php on line 22
[06-Nov-2014 23:03:19 UTC] PHP Notice:  Undefined index: plantel_procedencia in /home/ubuntu/workspace/rev2/alumno/actualizar1.php on line 23
[06-Nov-2014 23:03:19 UTC] PHP Notice:  Undefined index: repitiente in /home/ubuntu/workspace/rev2/alumno/actualizar1.php on line 24
[06-Nov-2014 23:03:19 UTC] PHP Notice:  Undefined index: altura in /home/ubuntu/workspace/rev2/alumno/actualizar1.php on line 25
[06-Nov-2014 23:03:19 UTC] PHP Notice:  Undefined index: peso in /home/ubuntu/workspace/rev2/alumno/actualizar1.php on line 26
[06-Nov-2014 23:03:19 UTC] PHP Notice:  Undefined index: camisa in /home/ubuntu/workspace/rev2/alumno/actualizar1.php on line 27
[06-Nov-2014 23:03:19 UTC] PHP Notice:  Undefined index: pantalon in /home/ubuntu/workspace/rev2/alumno/actualizar1.php on line 28
[06-Nov-2014 23:03:19 UTC] PHP Notice:  Undefined index: zapato in /home/ubuntu/workspace/rev2/alumno/actualizar1.php on line 29
[06-Nov-2014 23:03:19 UTC] PHP Notice:  Undefined variable: conn in /home/ubuntu/workspace/rev2/alumno/actualizar1.php on line 44
[06-Nov-2014 23:03:19 UTC] PHP Warning:  mysql_close() expects parameter 1 to be resource, null given in /home/ubuntu/workspace/rev2/alumno/actualizar1.php on line 44
[06-Nov-2014 23:04:00 UTC] PHP Warning:  include(../conexion/conex.php): failed to open stream: No such file or directory in /home/ubuntu/workspace/rev2/alumno/actualizar1.php on line 3
[06-Nov-2014 23:04:00 UTC] PHP Warning:  include(): Failed opening '../conexion/conex.php' for inclusion (include_path='.:/usr/share/php:/usr/share/pear') in /home/ubuntu/workspace/rev2/alumno/actualizar1.php on line 3
[06-Nov-2014 23:04:00 UTC] PHP Notice:  Undefined index: cedula_escolar in /home/ubuntu/workspace/rev2/alumno/actualizar1.php on line 9
[06-Nov-2014 23:04:00 UTC] PHP Notice:  Undefined index: nacionalidad in /home/ubuntu/workspace/rev2/alumno/actualizar1.php on line 10
[06-Nov-2014 23:04:00 UTC] PHP Notice:  Undefined index: p_nombre in /home/ubuntu/workspace/rev2/alumno/actualizar1.php on line 11
[06-Nov-2014 23:04:00 UTC] PHP Notice:  Undefined index: s_nombre in /home/ubuntu/workspace/rev2/alumno/actualizar1.php on line 12
[06-Nov-2014 23:04:00 UTC] PHP Notice:  Undefined index: p_apellido in /home/ubuntu/workspace/rev2/alumno/actualizar1.php on line 13
[06-Nov-2014 23:04:00 UTC] PHP Notice:  Undefined index: s_apellido in /home/ubuntu/workspace/rev2/alumno/actualizar1.php on line 14
[06-Nov-2014 23:04:00 UTC] PHP Notice:  Undefined index: telefono in /home/ubuntu/workspace/rev2/alumno/actualizar1.php on line 15
[06-Nov-2014 23:04:00 UTC] PHP Notice:  Undefined index: telefono_otro in /home/ubuntu/workspace/rev2/alumno/actualizar1.php on line 16
[06-Nov-2014 23:04:00 UTC] PHP Notice:  Undefined index: sexo in /home/ubuntu/workspace/rev2/alumno/actualizar1.php on line 17
[06-Nov-2014 23:04:00 UTC] PHP Notice:  Undefined index: lugar_nac in /home/ubuntu/workspace/rev2/alumno/actualizar1.php on line 18
[06-Nov-2014 23:04:00 UTC] PHP Notice:  Undefined index: fec_nac in /home/ubuntu/workspace/rev2/alumno/actualizar1.php on line 19
[06-Nov-2014 23:04:00 UTC] PHP Notice:  Undefined index: cod_parro in /home/ubuntu/workspace/rev2/alumno/actualizar1.php on line 20
[06-Nov-2014 23:04:00 UTC] PHP Notice:  Undefined index: acta_num_part_nac in /home/ubuntu/workspace/rev2/alumno/actualizar1.php on line 21
[06-Nov-2014 23:04:00 UTC] PHP Notice:  Undefined index: acta_folio_num_part_nac in /home/ubuntu/workspace/rev2/alumno/actualizar1.php on line 22
[06-Nov-2014 23:04:00 UTC] PHP Notice:  Undefined index: plantel_procedencia in /home/ubuntu/workspace/rev2/alumno/actualizar1.php on line 23
[06-Nov-2014 23:04:00 UTC] PHP Notice:  Undefined index: repitiente in /home/ubuntu/workspace/rev2/alumno/actualizar1.php on line 24
[06-Nov-2014 23:04:00 UTC] PHP Notice:  Undefined index: altura in /home/ubuntu/workspace/rev2/alumno/actualizar1.php on line 25
[06-Nov-2014 23:04:00 UTC] PHP Notice:  Undefined index: peso in /home/ubuntu/workspace/rev2/alumno/actualizar1.php on line 26
[06-Nov-2014 23:04:00 UTC] PHP Notice:  Undefined index: camisa in /home/ubuntu/workspace/rev2/alumno/actualizar1.php on line 27
[06-Nov-2014 23:04:00 UTC] PHP Notice:  Undefined index: pantalon in /home/ubuntu/workspace/rev2/alumno/actualizar1.php on line 28
[06-Nov-2014 23:04:00 UTC] PHP Notice:  Undefined index: zapato in /home/ubuntu/workspace/rev2/alumno/actualizar1.php on line 29
[06-Nov-2014 23:04:00 UTC] PHP Notice:  Undefined variable: conn in /home/ubuntu/workspace/rev2/alumno/actualizar1.php on line 44
[06-Nov-2014 23:04:00 UTC] PHP Warning:  mysql_close() expects parameter 1 to be resource, null given in /home/ubuntu/workspace/rev2/alumno/actualizar1.php on line 44
[06-Nov-2014 23:04:07 UTC] PHP Warning:  include(../conexion/conex.php): failed to open stream: No such file or directory in /home/ubuntu/workspace/rev2/alumno/actualizar1.php on line 3
[06-Nov-2014 23:04:07 UTC] PHP Warning:  include(): Failed opening '../conexion/conex.php' for inclusion (include_path='.:/usr/share/php:/usr/share/pear') in /home/ubuntu/workspace/rev2/alumno/actualizar1.php on line 3
[06-Nov-2014 23:04:07 UTC] PHP Notice:  Undefined index: cedula_escolar in /home/ubuntu/workspace/rev2/alumno/actualizar1.php on line 9
[06-Nov-2014 23:04:07 UTC] PHP Notice:  Undefined index: nacionalidad in /home/ubuntu/workspace/rev2/alumno/actualizar1.php on line 10
[06-Nov-2014 23:04:07 UTC] PHP Notice:  Undefined index: p_nombre in /home/ubuntu/workspace/rev2/alumno/actualizar1.php on line 11
[06-Nov-2014 23:04:07 UTC] PHP Notice:  Undefined index: s_nombre in /home/ubuntu/workspace/rev2/alumno/actualizar1.php on line 12
[06-Nov-2014 23:04:07 UTC] PHP Notice:  Undefined index: p_apellido in /home/ubuntu/workspace/rev2/alumno/actualizar1.php on line 13
[06-Nov-2014 23:04:07 UTC] PHP Notice:  Undefined index: s_apellido in /home/ubuntu/workspace/rev2/alumno/actualizar1.php on line 14
[06-Nov-2014 23:04:07 UTC] PHP Notice:  Undefined index: telefono in /home/ubuntu/workspace/rev2/alumno/actualizar1.php on line 15
[06-Nov-2014 23:04:07 UTC] PHP Notice:  Undefined index: telefono_otro in /home/ubuntu/workspace/rev2/alumno/actualizar1.php on line 16
[06-Nov-2014 23:04:07 UTC] PHP Notice:  Undefined index: sexo in /home/ubuntu/workspace/rev2/alumno/actualizar1.php on line 17
[06-Nov-2014 23:04:07 UTC] PHP Notice:  Undefined index: lugar_nac in /home/ubuntu/workspace/rev2/alumno/actualizar1.php on line 18
[06-Nov-2014 23:04:07 UTC] PHP Notice:  Undefined index: fec_nac in /home/ubuntu/workspace/rev2/alumno/actualizar1.php on line 19
[06-Nov-2014 23:04:07 UTC] PHP Notice:  Undefined index: cod_parro in /home/ubuntu/workspace/rev2/alumno/actualizar1.php on line 20
[06-Nov-2014 23:04:07 UTC] PHP Notice:  Undefined index: acta_num_part_nac in /home/ubuntu/workspace/rev2/alumno/actualizar1.php on line 21
[06-Nov-2014 23:04:07 UTC] PHP Notice:  Undefined index: acta_folio_num_part_nac in /home/ubuntu/workspace/rev2/alumno/actualizar1.php on line 22
[06-Nov-2014 23:04:07 UTC] PHP Notice:  Undefined index: plantel_procedencia in /home/ubuntu/workspace/rev2/alumno/actualizar1.php on line 23
[06-Nov-2014 23:04:07 UTC] PHP Notice:  Undefined index: repitiente in /home/ubuntu/workspace/rev2/alumno/actualizar1.php on line 24
[06-Nov-2014 23:04:07 UTC] PHP Notice:  Undefined index: altura in /home/ubuntu/workspace/rev2/alumno/actualizar1.php on line 25
[06-Nov-2014 23:04:07 UTC] PHP Notice:  Undefined index: peso in /home/ubuntu/workspace/rev2/alumno/actualizar1.php on line 26
[06-Nov-2014 23:04:07 UTC] PHP Notice:  Undefined index: camisa in /home/ubuntu/workspace/rev2/alumno/actualizar1.php on line 27
[06-Nov-2014 23:04:07 UTC] PHP Notice:  Undefined index: pantalon in /home/ubuntu/workspace/rev2/alumno/actualizar1.php on line 28
[06-Nov-2014 23:04:07 UTC] PHP Notice:  Undefined index: zapato in /home/ubuntu/workspace/rev2/alumno/actualizar1.php on line 29
[06-Nov-2014 23:04:07 UTC] PHP Notice:  Undefined variable: conn in /home/ubuntu/workspace/rev2/alumno/actualizar1.php on line 44
[06-Nov-2014 23:04:07 UTC] PHP Warning:  mysql_close() expects parameter 1 to be resource, null given in /home/ubuntu/workspace/rev2/alumno/actualizar1.php on line 44
[06-Nov-2014 23:05:42 UTC] PHP Warning:  include(../conexion/conex.php): failed to open stream: No such file or directory in /home/ubuntu/workspace/rev2/alumno/actualizar1.php on line 3
[06-Nov-2014 23:05:42 UTC] PHP Warning:  include(): Failed opening '../conexion/conex.php' for inclusion (include_path='.:/usr/share/php:/usr/share/pear') in /home/ubuntu/workspace/rev2/alumno/actualizar1.php on line 3
[06-Nov-2014 23:05:42 UTC] PHP Notice:  Undefined index: cedula_escolar in /home/ubuntu/workspace/rev2/alumno/actualizar1.php on line 9
[06-Nov-2014 23:05:42 UTC] PHP Notice:  Undefined index: nacionalidad in /home/ubuntu/workspace/rev2/alumno/actualizar1.php on line 10
[06-Nov-2014 23:05:42 UTC] PHP Notice:  Undefined index: p_nombre in /home/ubuntu/workspace/rev2/alumno/actualizar1.php on line 11
[06-Nov-2014 23:05:42 UTC] PHP Notice:  Undefined index: s_nombre in /home/ubuntu/workspace/rev2/alumno/actualizar1.php on line 12
[06-Nov-2014 23:05:42 UTC] PHP Notice:  Undefined index: p_apellido in /home/ubuntu/workspace/rev2/alumno/actualizar1.php on line 13
[06-Nov-2014 23:05:42 UTC] PHP Notice:  Undefined index: s_apellido in /home/ubuntu/workspace/rev2/alumno/actualizar1.php on line 14
[06-Nov-2014 23:05:42 UTC] PHP Notice:  Undefined index: telefono in /home/ubuntu/workspace/rev2/alumno/actualizar1.php on line 15
[06-Nov-2014 23:05:42 UTC] PHP Notice:  Undefined index: telefono_otro in /home/ubuntu/workspace/rev2/alumno/actualizar1.php on line 16
[06-Nov-2014 23:05:42 UTC] PHP Notice:  Undefined index: sexo in /home/ubuntu/workspace/rev2/alumno/actualizar1.php on line 17
[06-Nov-2014 23:05:42 UTC] PHP Notice:  Undefined index: lugar_nac in /home/ubuntu/workspace/rev2/alumno/actualizar1.php on line 18
[06-Nov-2014 23:05:42 UTC] PHP Notice:  Undefined index: fec_nac in /home/ubuntu/workspace/rev2/alumno/actualizar1.php on line 19
[06-Nov-2014 23:05:42 UTC] PHP Notice:  Undefined index: cod_parro in /home/ubuntu/workspace/rev2/alumno/actualizar1.php on line 20
[06-Nov-2014 23:05:42 UTC] PHP Notice:  Undefined index: acta_num_part_nac in /home/ubuntu/workspace/rev2/alumno/actualizar1.php on line 21
[06-Nov-2014 23:05:42 UTC] PHP Notice:  Undefined index: acta_folio_num_part_nac in /home/ubuntu/workspace/rev2/alumno/actualizar1.php on line 22
[06-Nov-2014 23:05:42 UTC] PHP Notice:  Undefined index: plantel_procedencia in /home/ubuntu/workspace/rev2/alumno/actualizar1.php on line 23
[06-Nov-2014 23:05:42 UTC] PHP Notice:  Undefined index: repitiente in /home/ubuntu/workspace/rev2/alumno/actualizar1.php on line 24
[06-Nov-2014 23:05:42 UTC] PHP Notice:  Undefined index: altura in /home/ubuntu/workspace/rev2/alumno/actualizar1.php on line 25
[06-Nov-2014 23:05:42 UTC] PHP Notice:  Undefined index: peso in /home/ubuntu/workspace/rev2/alumno/actualizar1.php on line 26
[06-Nov-2014 23:05:42 UTC] PHP Notice:  Undefined index: camisa in /home/ubuntu/workspace/rev2/alumno/actualizar1.php on line 27
[06-Nov-2014 23:05:42 UTC] PHP Notice:  Undefined index: pantalon in /home/ubuntu/workspace/rev2/alumno/actualizar1.php on line 28
[06-Nov-2014 23:05:42 UTC] PHP Notice:  Undefined index: zapato in /home/ubuntu/workspace/rev2/alumno/actualizar1.php on line 29
[06-Nov-2014 23:05:42 UTC] PHP Notice:  Undefined variable: conn in /home/ubuntu/workspace/rev2/alumno/actualizar1.php on line 44
[06-Nov-2014 23:05:42 UTC] PHP Warning:  mysql_close() expects parameter 1 to be resource, null given in /home/ubuntu/workspace/rev2/alumno/actualizar1.php on line 44
[06-Nov-2014 23:08:53 UTC] PHP Warning:  include(../conexion/conex.php): failed to open stream: No such file or directory in /home/ubuntu/workspace/rev2/alumno/actualizar1.php on line 3
[06-Nov-2014 23:08:53 UTC] PHP Warning:  include(): Failed opening '../conexion/conex.php' for inclusion (include_path='.:/usr/share/php:/usr/share/pear') in /home/ubuntu/workspace/rev2/alumno/actualizar1.php on line 3
[06-Nov-2014 23:08:53 UTC] PHP Notice:  Undefined index: cedula_escolar in /home/ubuntu/workspace/rev2/alumno/actualizar1.php on line 9
[06-Nov-2014 23:08:53 UTC] PHP Notice:  Undefined index: nacionalidad in /home/ubuntu/workspace/rev2/alumno/actualizar1.php on line 10
[06-Nov-2014 23:08:53 UTC] PHP Notice:  Undefined index: p_nombre in /home/ubuntu/workspace/rev2/alumno/actualizar1.php on line 11
[06-Nov-2014 23:08:53 UTC] PHP Notice:  Undefined index: s_nombre in /home/ubuntu/workspace/rev2/alumno/actualizar1.php on line 12
[06-Nov-2014 23:08:53 UTC] PHP Notice:  Undefined index: p_apellido in /home/ubuntu/workspace/rev2/alumno/actualizar1.php on line 13
[06-Nov-2014 23:08:53 UTC] PHP Notice:  Undefined index: s_apellido in /home/ubuntu/workspace/rev2/alumno/actualizar1.php on line 14
[06-Nov-2014 23:08:53 UTC] PHP Notice:  Undefined index: telefono in /home/ubuntu/workspace/rev2/alumno/actualizar1.php on line 15
[06-Nov-2014 23:08:53 UTC] PHP Notice:  Undefined index: telefono_otro in /home/ubuntu/workspace/rev2/alumno/actualizar1.php on line 16
[06-Nov-2014 23:08:53 UTC] PHP Notice:  Undefined index: sexo in /home/ubuntu/workspace/rev2/alumno/actualizar1.php on line 17
[06-Nov-2014 23:08:53 UTC] PHP Notice:  Undefined index: lugar_nac in /home/ubuntu/workspace/rev2/alumno/actualizar1.php on line 18
[06-Nov-2014 23:08:53 UTC] PHP Notice:  Undefined index: fec_nac in /home/ubuntu/workspace/rev2/alumno/actualizar1.php on line 19
[06-Nov-2014 23:08:53 UTC] PHP Notice:  Undefined index: cod_parro in /home/ubuntu/workspace/rev2/alumno/actualizar1.php on line 20
[06-Nov-2014 23:08:53 UTC] PHP Notice:  Undefined index: acta_num_part_nac in /home/ubuntu/workspace/rev2/alumno/actualizar1.php on line 21
[06-Nov-2014 23:08:53 UTC] PHP Notice:  Undefined index: acta_folio_num_part_nac in /home/ubuntu/workspace/rev2/alumno/actualizar1.php on line 22
[06-Nov-2014 23:08:53 UTC] PHP Notice:  Undefined index: plantel_procedencia in /home/ubuntu/workspace/rev2/alumno/actualizar1.php on line 23
[06-Nov-2014 23:08:53 UTC] PHP Notice:  Undefined index: repitiente in /home/ubuntu/workspace/rev2/alumno/actualizar1.php on line 24
[06-Nov-2014 23:08:53 UTC] PHP Notice:  Undefined index: altura in /home/ubuntu/workspace/rev2/alumno/actualizar1.php on line 25
[06-Nov-2014 23:08:53 UTC] PHP Notice:  Undefined index: peso in /home/ubuntu/workspace/rev2/alumno/actualizar1.php on line 26
[06-Nov-2014 23:08:53 UTC] PHP Notice:  Undefined index: camisa in /home/ubuntu/workspace/rev2/alumno/actualizar1.php on line 27
[06-Nov-2014 23:08:53 UTC] PHP Notice:  Undefined index: pantalon in /home/ubuntu/workspace/rev2/alumno/actualizar1.php on line 28
[06-Nov-2014 23:08:53 UTC] PHP Notice:  Undefined index: zapato in /home/ubuntu/workspace/rev2/alumno/actualizar1.php on line 29
[06-Nov-2014 23:08:53 UTC] PHP Notice:  Undefined variable: conn in /home/ubuntu/workspace/rev2/alumno/actualizar1.php on line 44
[06-Nov-2014 23:08:53 UTC] PHP Warning:  mysql_close() expects parameter 1 to be resource, null given in /home/ubuntu/workspace/rev2/alumno/actualizar1.php on line 44
[06-Nov-2014 23:08:57 UTC] PHP Warning:  include(../conexion/conex.php): failed to open stream: No such file or directory in /home/ubuntu/workspace/rev2/alumno/actualizar1.php on line 3
[06-Nov-2014 23:08:57 UTC] PHP Warning:  include(): Failed opening '../conexion/conex.php' for inclusion (include_path='.:/usr/share/php:/usr/share/pear') in /home/ubuntu/workspace/rev2/alumno/actualizar1.php on line 3
[06-Nov-2014 23:08:57 UTC] PHP Notice:  Undefined index: cedula_escolar in /home/ubuntu/workspace/rev2/alumno/actualizar1.php on line 9
[06-Nov-2014 23:08:57 UTC] PHP Notice:  Undefined index: nacionalidad in /home/ubuntu/workspace/rev2/alumno/actualizar1.php on line 10
[06-Nov-2014 23:08:57 UTC] PHP Notice:  Undefined index: p_nombre in /home/ubuntu/workspace/rev2/alumno/actualizar1.php on line 11
[06-Nov-2014 23:08:57 UTC] PHP Notice:  Undefined index: s_nombre in /home/ubuntu/workspace/rev2/alumno/actualizar1.php on line 12
[06-Nov-2014 23:08:57 UTC] PHP Notice:  Undefined index: p_apellido in /home/ubuntu/workspace/rev2/alumno/actualizar1.php on line 13
[06-Nov-2014 23:08:57 UTC] PHP Notice:  Undefined index: s_apellido in /home/ubuntu/workspace/rev2/alumno/actualizar1.php on line 14
[06-Nov-2014 23:08:57 UTC] PHP Notice:  Undefined index: telefono in /home/ubuntu/workspace/rev2/alumno/actualizar1.php on line 15
[06-Nov-2014 23:08:57 UTC] PHP Notice:  Undefined index: telefono_otro in /home/ubuntu/workspace/rev2/alumno/actualizar1.php on line 16
[06-Nov-2014 23:08:57 UTC] PHP Notice:  Undefined index: sexo in /home/ubuntu/workspace/rev2/alumno/actualizar1.php on line 17
[06-Nov-2014 23:08:57 UTC] PHP Notice:  Undefined index: lugar_nac in /home/ubuntu/workspace/rev2/alumno/actualizar1.php on line 18
[06-Nov-2014 23:08:57 UTC] PHP Notice:  Undefined index: fec_nac in /home/ubuntu/workspace/rev2/alumno/actualizar1.php on line 19
[06-Nov-2014 23:08:57 UTC] PHP Notice:  Undefined index: cod_parro in /home/ubuntu/workspace/rev2/alumno/actualizar1.php on line 20
[06-Nov-2014 23:08:57 UTC] PHP Notice:  Undefined index: acta_num_part_nac in /home/ubuntu/workspace/rev2/alumno/actualizar1.php on line 21
[06-Nov-2014 23:08:57 UTC] PHP Notice:  Undefined index: acta_folio_num_part_nac in /home/ubuntu/workspace/rev2/alumno/actualizar1.php on line 22
[06-Nov-2014 23:08:57 UTC] PHP Notice:  Undefined index: plantel_procedencia in /home/ubuntu/workspace/rev2/alumno/actualizar1.php on line 23
[06-Nov-2014 23:08:57 UTC] PHP Notice:  Undefined index: repitiente in /home/ubuntu/workspace/rev2/alumno/actualizar1.php on line 24
[06-Nov-2014 23:08:57 UTC] PHP Notice:  Undefined index: altura in /home/ubuntu/workspace/rev2/alumno/actualizar1.php on line 25
[06-Nov-2014 23:08:57 UTC] PHP Notice:  Undefined index: peso in /home/ubuntu/workspace/rev2/alumno/actualizar1.php on line 26
[06-Nov-2014 23:08:57 UTC] PHP Notice:  Undefined index: camisa in /home/ubuntu/workspace/rev2/alumno/actualizar1.php on line 27
[06-Nov-2014 23:08:57 UTC] PHP Notice:  Undefined index: pantalon in /home/ubuntu/workspace/rev2/alumno/actualizar1.php on line 28
[06-Nov-2014 23:08:57 UTC] PHP Notice:  Undefined index: zapato in /home/ubuntu/workspace/rev2/alumno/actualizar1.php on line 29
[06-Nov-2014 23:08:57 UTC] PHP Notice:  Undefined variable: conn in /home/ubuntu/workspace/rev2/alumno/actualizar1.php on line 44
[06-Nov-2014 23:08:57 UTC] PHP Warning:  mysql_close() expects parameter 1 to be resource, null given in /home/ubuntu/workspace/rev2/alumno/actualizar1.php on line 44
[06-Nov-2014 23:13:16 UTC] PHP Warning:  include(../conexion/conex.php): failed to open stream: No such file or directory in /home/ubuntu/workspace/rev2/alumno/actualizar1.php on line 3
[06-Nov-2014 23:13:16 UTC] PHP Warning:  include(): Failed opening '../conexion/conex.php' for inclusion (include_path='.:/usr/share/php:/usr/share/pear') in /home/ubuntu/workspace/rev2/alumno/actualizar1.php on line 3
[06-Nov-2014 23:13:16 UTC] PHP Notice:  Undefined index: cedula_escolar in /home/ubuntu/workspace/rev2/alumno/actualizar1.php on line 9
[06-Nov-2014 23:13:16 UTC] PHP Notice:  Undefined index: nacionalidad in /home/ubuntu/workspace/rev2/alumno/actualizar1.php on line 10
[06-Nov-2014 23:13:16 UTC] PHP Notice:  Undefined index: p_nombre in /home/ubuntu/workspace/rev2/alumno/actualizar1.php on line 11
[06-Nov-2014 23:13:16 UTC] PHP Notice:  Undefined index: s_nombre in /home/ubuntu/workspace/rev2/alumno/actualizar1.php on line 12
[06-Nov-2014 23:13:16 UTC] PHP Notice:  Undefined index: p_apellido in /home/ubuntu/workspace/rev2/alumno/actualizar1.php on line 13
[06-Nov-2014 23:13:16 UTC] PHP Notice:  Undefined index: s_apellido in /home/ubuntu/workspace/rev2/alumno/actualizar1.php on line 14
[06-Nov-2014 23:13:16 UTC] PHP Notice:  Undefined index: telefono in /home/ubuntu/workspace/rev2/alumno/actualizar1.php on line 15
[06-Nov-2014 23:13:16 UTC] PHP Notice:  Undefined index: telefono_otro in /home/ubuntu/workspace/rev2/alumno/actualizar1.php on line 16
[06-Nov-2014 23:13:16 UTC] PHP Notice:  Undefined index: sexo in /home/ubuntu/workspace/rev2/alumno/actualizar1.php on line 17
[06-Nov-2014 23:13:16 UTC] PHP Notice:  Undefined index: lugar_nac in /home/ubuntu/workspace/rev2/alumno/actualizar1.php on line 18
[06-Nov-2014 23:13:16 UTC] PHP Notice:  Undefined index: fec_nac in /home/ubuntu/workspace/rev2/alumno/actualizar1.php on line 19
[06-Nov-2014 23:13:16 UTC] PHP Notice:  Undefined index: cod_parro in /home/ubuntu/workspace/rev2/alumno/actualizar1.php on line 20
[06-Nov-2014 23:13:16 UTC] PHP Notice:  Undefined index: acta_num_part_nac in /home/ubuntu/workspace/rev2/alumno/actualizar1.php on line 21
[06-Nov-2014 23:13:16 UTC] PHP Notice:  Undefined index: acta_folio_num_part_nac in /home/ubuntu/workspace/rev2/alumno/actualizar1.php on line 22
[06-Nov-2014 23:13:16 UTC] PHP Notice:  Undefined index: plantel_procedencia in /home/ubuntu/workspace/rev2/alumno/actualizar1.php on line 23
[06-Nov-2014 23:13:16 UTC] PHP Notice:  Undefined index: repitiente in /home/ubuntu/workspace/rev2/alumno/actualizar1.php on line 24
[06-Nov-2014 23:13:16 UTC] PHP Notice:  Undefined index: altura in /home/ubuntu/workspace/rev2/alumno/actualizar1.php on line 25
[06-Nov-2014 23:13:16 UTC] PHP Notice:  Undefined index: peso in /home/ubuntu/workspace/rev2/alumno/actualizar1.php on line 26
[06-Nov-2014 23:13:16 UTC] PHP Notice:  Undefined index: camisa in /home/ubuntu/workspace/rev2/alumno/actualizar1.php on line 27
[06-Nov-2014 23:13:16 UTC] PHP Notice:  Undefined index: pantalon in /home/ubuntu/workspace/rev2/alumno/actualizar1.php on line 28
[06-Nov-2014 23:13:16 UTC] PHP Notice:  Undefined index: zapato in /home/ubuntu/workspace/rev2/alumno/actualizar1.php on line 29
[06-Nov-2014 23:13:16 UTC] PHP Notice:  Undefined variable: conn in /home/ubuntu/workspace/rev2/alumno/actualizar1.php on line 44
[06-Nov-2014 23:13:16 UTC] PHP Warning:  mysql_close() expects parameter 1 to be resource, null given in /home/ubuntu/workspace/rev2/alumno/actualizar1.php on line 44
[06-Nov-2014 23:13:24 UTC] PHP Notice:  Undefined variable: conn in /home/ubuntu/workspace/rev2/alumno/actualizar_A.php on line 159
[06-Nov-2014 23:13:24 UTC] PHP Warning:  mysql_query() expects parameter 2 to be resource, null given in /home/ubuntu/workspace/rev2/alumno/actualizar_A.php on line 159
[06-Nov-2014 23:24:35 UTC] PHP Notice:  Undefined variable: conn in /home/ubuntu/workspace/rev2/alumno/actualizar_A.php on line 159
[06-Nov-2014 23:24:35 UTC] PHP Warning:  mysql_query() expects parameter 2 to be resource, null given in /home/ubuntu/workspace/rev2/alumno/actualizar_A.php on line 159
[06-Nov-2014 23:25:37 UTC] PHP Notice:  Undefined variable: conn in /home/ubuntu/workspace/rev2/alumno/actualizar_A.php on line 159
[06-Nov-2014 23:25:37 UTC] PHP Warning:  mysql_query() expects parameter 2 to be resource, null given in /home/ubuntu/workspace/rev2/alumno/actualizar_A.php on line 159
[06-Nov-2014 23:25:41 UTC] PHP Notice:  Undefined variable: conn in /home/ubuntu/workspace/rev2/alumno/actualizar_A.php on line 159
[06-Nov-2014 23:25:41 UTC] PHP Warning:  mysql_query() expects parameter 2 to be resource, null given in /home/ubuntu/workspace/rev2/alumno/actualizar_A.php on line 159
[06-Nov-2014 23:25:45 UTC] PHP Warning:  mysql_fetch_array() expects parameter 1 to be resource, object given in /home/ubuntu/workspace/rev2/alumno/actualizar_A.php on line 161
[06-Nov-2014 23:25:45 UTC] PHP Notice:  Undefined variable: conn in /home/ubuntu/workspace/rev2/alumno/actualizar_A.php on line 375
[06-Nov-2014 23:25:45 UTC] PHP Warning:  mysql_query() expects parameter 2 to be resource, null given in /home/ubuntu/workspace/rev2/alumno/actualizar_A.php on line 375
[06-Nov-2014 23:39:40 UTC] PHP Notice:  Undefined index: cedula in /home/ubuntu/workspace/rev2/alumno/actualizar_A.php on line 6
[06-Nov-2014 23:42:29 UTC] PHP Notice:  Undefined variable: cedula in /home/ubuntu/workspace/rev2/alumno/actualizar_A.php on line 18
[06-Nov-2014 23:42:29 UTC] PHP Notice:  Undefined variable: cedula in /home/ubuntu/workspace/rev2/alumno/actualizar_A.php on line 399
[06-Nov-2014 23:42:29 UTC] PHP Notice:  Undefined index: cedula in /home/ubuntu/workspace/rev2/alumno/consultar_A.php on line 14
[06-Nov-2014 23:43:00 UTC] PHP Notice:  Undefined index: cedula in /home/ubuntu/workspace/rev2/alumno/consultar_A.php on line 14
[06-Nov-2014 23:43:02 UTC] PHP Notice:  Undefined index: cedula in /home/ubuntu/workspace/rev2/alumno/consultar_A.php on line 14
[06-Nov-2014 23:43:05 UTC] PHP Notice:  Undefined index: cedula in /home/ubuntu/workspace/rev2/alumno/consultar_A.php on line 14
